<?xml version="1.0" encoding="UTF-8"?>
<testng-results ignored="0" total="0" passed="0" failed="0" skipped="0">
  <reporter-output>
  </reporter-output>
  <suite started-at="2019-09-08T18:20:48 AEST" name="All Test Suite" finished-at="2019-09-08T18:20:48 AEST" duration-ms="28">
    <groups>
    </groups>
    <test started-at="2019-09-08T18:20:48 AEST" name="D:/ApiTest/src/test/java/runner/TestRunner.java" finished-at="2019-09-08T18:20:48 AEST" duration-ms="28">
    </test> <!-- D:/ApiTest/src/test/java/runner/TestRunner.java -->
  </suite> <!-- All Test Suite -->
</testng-results>
